<?xml version="1.0" encoding="UTF-8"?>
<testsuite name="CabInvoiceTest" tests="1" skipped="0" failures="0" errors="0" timestamp="2022-07-07T06:32:53" hostname="LAPTOP-HN9OKEJB" time="0.033">
  <properties/>
  <testcase name="givenMultipleRides_ShouldReturnTotalFare()" classname="CabInvoiceTest" time="0.033"/>
  <system-out><![CDATA[]]></system-out>
  <system-err><![CDATA[]]></system-err>
</testsuite>
