<?xml version="1.0" encoding="UTF-8"?>
<testsuite name="CabInvoiceTest" tests="1" skipped="0" failures="0" errors="0" timestamp="2022-07-07T06:10:42" hostname="LAPTOP-HN9OKEJB" time="0.025">
  <properties/>
  <testcase name="givenLessDictanceAndTime_ShouldReturnMinFare()" classname="CabInvoiceTest" time="0.025"/>
  <system-out><![CDATA[]]></system-out>
  <system-err><![CDATA[]]></system-err>
</testsuite>
